<?xml version="1.0" encoding="UTF-8"?>
<!-- Generated by org.testng.reporters.JUnitReportReporter -->
<testsuite hostname="warisht-Latitude-3540" name="automationFramework.Tc1" tests="1" failures="0" timestamp="1 Feb 2017 05:30:00 GMT" time="13.469" errors="0">
  <testcase name="f" time="13.469" classname="automationFramework.Tc1"/>
</testsuite> <!-- automationFramework.Tc1 -->
