<?xml version="1.0" encoding="UTF-8"?>
<!-- Generated by org.testng.reporters.JUnitReportReporter -->
<testsuite hostname="warisht-Latitude-3540" name="automationFramework.NewTest" tests="1" failures="0" timestamp="27 Jan 2017 10:03:20 GMT" time="24.240" errors="0">
  <testcase name="main" time="24.240" classname="automationFramework.NewTest"/>
</testsuite> <!-- automationFramework.NewTest -->
