<?xml version="1.0" encoding="UTF-8"?>
<!-- Generated by org.testng.reporters.JUnitReportReporter -->
<testsuite hostname="warisht-Latitude-3540" name="automationFramework.Login" tests="1" failures="0" timestamp="27 Jan 2017 11:02:10 GMT" time="28.086" errors="0">
  <testcase name="main" time="28.086" classname="automationFramework.Login"/>
</testsuite> <!-- automationFramework.Login -->
