<?xml version="1.0" encoding="UTF-8"?>
<!-- Generated by org.testng.reporters.JUnitReportReporter -->
<testsuite hostname="warisht-Latitude-3540" name="automationFramework.Tc8" tests="1" failures="0" timestamp="1 Feb 2017 05:30:00 GMT" time="0.129" errors="0">
  <testcase name="f8" time="0.129" classname="automationFramework.Tc8"/>
</testsuite> <!-- automationFramework.Tc8 -->
