<?xml version="1.0" encoding="UTF-8"?>
<!-- Generated by org.testng.reporters.JUnitReportReporter -->
<testsuite hostname="warisht-Latitude-3540" name="automationFramework.Tc6" tests="1" failures="0" timestamp="1 Feb 2017 05:30:00 GMT" time="16.075" errors="0">
  <testcase name="f6" time="16.075" classname="automationFramework.Tc6"/>
</testsuite> <!-- automationFramework.Tc6 -->
