<?xml version="1.0" encoding="UTF-8"?>
<!-- Generated by org.testng.reporters.JUnitReportReporter -->
<testsuite hostname="warisht-Latitude-3540" name="automationFramework.Tc2" tests="1" failures="0" timestamp="1 Feb 2017 05:30:00 GMT" time="25.269" errors="0">
  <testcase name="f" time="25.269" classname="automationFramework.Tc2"/>
</testsuite> <!-- automationFramework.Tc2 -->
