<?xml version="1.0" encoding="UTF-8"?>
<!-- Generated by org.testng.reporters.JUnitReportReporter -->
<testsuite hostname="warisht-Latitude-3540" name="automationFramework.Tc10" tests="1" failures="0" timestamp="1 Feb 2017 05:30:00 GMT" time="1.197" errors="0">
  <testcase name="f10" time="1.197" classname="automationFramework.Tc10"/>
</testsuite> <!-- automationFramework.Tc10 -->
