<?xml version="1.0" encoding="UTF-8"?>
<!-- Generated by org.testng.reporters.JUnitReportReporter -->
<testsuite hostname="warisht-Latitude-3540" name="automationFramework.Tc3" tests="1" failures="0" timestamp="1 Feb 2017 05:30:00 GMT" time="18.076" errors="0">
  <testcase name="f3" time="18.076" classname="automationFramework.Tc3"/>
</testsuite> <!-- automationFramework.Tc3 -->
