<?xml version="1.0" encoding="UTF-8"?>
<!-- Generated by org.testng.reporters.JUnitReportReporter -->
<testsuite hostname="warisht-Latitude-3540" name="automationFramework.LoginPage" tests="11" failures="0" timestamp="6 Feb 2017 11:01:18 GMT" time="113.754" errors="0">
  <testcase name="f8" time="10.233" classname="automationFramework.LoginPage"/>
  <testcase name="f3" time="9.709" classname="automationFramework.LoginPage"/>
  <testcase name="f91" time="10.756" classname="automationFramework.LoginPage"/>
  <testcase name="f2" time="9.925" classname="automationFramework.LoginPage"/>
  <testcase name="f4" time="9.479" classname="automationFramework.LoginPage"/>
  <testcase name="f9" time="10.882" classname="automationFramework.LoginPage"/>
  <testcase name="f6" time="10.128" classname="automationFramework.LoginPage"/>
  <testcase name="f912" time="10.547" classname="automationFramework.LoginPage"/>
  <testcase name="f7" time="9.559" classname="automationFramework.LoginPage"/>
  <testcase name="f5" time="9.707" classname="automationFramework.LoginPage"/>
  <testcase name="f10" time="12.829" classname="automationFramework.LoginPage"/>
</testsuite> <!-- automationFramework.LoginPage -->
