<?xml version="1.0" encoding="UTF-8"?>
<!-- Generated by org.testng.reporters.JUnitReportReporter -->
<testsuite hostname="warisht-Latitude-3540" name="automationFramework.Tc5" tests="1" failures="0" timestamp="1 Feb 2017 05:30:00 GMT" time="19.869" errors="0">
  <testcase name="f5" time="19.869" classname="automationFramework.Tc5"/>
</testsuite> <!-- automationFramework.Tc5 -->
