<?xml version="1.0" encoding="UTF-8"?>
<!-- Generated by org.testng.reporters.JUnitReportReporter -->
<testsuite hostname="warisht-Latitude-3540" name="automationFramework.Tc7" tests="1" failures="0" timestamp="1 Feb 2017 05:30:00 GMT" time="0.176" errors="0">
  <testcase name="f7" time="0.176" classname="automationFramework.Tc7"/>
</testsuite> <!-- automationFramework.Tc7 -->
